ERROR - 2022-06-16 09:57:09 --> Error connecting to the database: No connection could be made because the target machine actively refused it.

CRITICAL - 2022-06-16 09:57:09 --> Unable to connect to the database.
Main connection [MySQLi]: No connection could be made because the target machine actively refused it.

in SYSTEMPATH\Database\BaseConnection.php on line 415.
 1 SYSTEMPATH\Database\BaseConnection.php(585): CodeIgniter\Database\BaseConnection->initialize()
 2 SYSTEMPATH\Database\BaseBuilder.php(1585): CodeIgniter\Database\BaseConnection->query('SELECT *
FROM `artikel`', [], false)
 3 SYSTEMPATH\Model.php(222): CodeIgniter\Database\BaseBuilder->get()
 4 SYSTEMPATH\BaseModel.php(584): CodeIgniter\Model->doFindAll(0, 0)
 5 APPPATH\Controllers\Artikel.php(14): CodeIgniter\BaseModel->findAll()
 6 SYSTEMPATH\CodeIgniter.php(898): App\Controllers\Artikel->index()
 7 SYSTEMPATH\CodeIgniter.php(468): CodeIgniter\CodeIgniter->runController(Object(App\Controllers\Artikel))
 8 SYSTEMPATH\CodeIgniter.php(351): CodeIgniter\CodeIgniter->handleRequest(null, Object(Config\Cache), false)
 9 FCPATH\index.php(55): CodeIgniter\CodeIgniter->run()
10 SYSTEMPATH\Commands\Server\rewrite.php(43): require_once('FCPATH\\index.php')
ERROR - 2022-06-16 09:57:13 --> Error connecting to the database: No connection could be made because the target machine actively refused it.

CRITICAL - 2022-06-16 09:57:13 --> Unable to connect to the database.
Main connection [MySQLi]: No connection could be made because the target machine actively refused it.

in SYSTEMPATH\Database\BaseConnection.php on line 415.
 1 SYSTEMPATH\Database\BaseConnection.php(585): CodeIgniter\Database\BaseConnection->initialize()
 2 SYSTEMPATH\Database\BaseBuilder.php(1585): CodeIgniter\Database\BaseConnection->query('SELECT *
FROM `artikel`', [], false)
 3 SYSTEMPATH\Model.php(222): CodeIgniter\Database\BaseBuilder->get()
 4 SYSTEMPATH\BaseModel.php(584): CodeIgniter\Model->doFindAll(0, 0)
 5 APPPATH\Controllers\Artikel.php(14): CodeIgniter\BaseModel->findAll()
 6 SYSTEMPATH\CodeIgniter.php(898): App\Controllers\Artikel->index()
 7 SYSTEMPATH\CodeIgniter.php(468): CodeIgniter\CodeIgniter->runController(Object(App\Controllers\Artikel))
 8 SYSTEMPATH\CodeIgniter.php(351): CodeIgniter\CodeIgniter->handleRequest(null, Object(Config\Cache), false)
 9 FCPATH\index.php(55): CodeIgniter\CodeIgniter->run()
10 SYSTEMPATH\Commands\Server\rewrite.php(43): require_once('FCPATH\\index.php')
ERROR - 2022-06-16 09:57:24 --> Error connecting to the database: No connection could be made because the target machine actively refused it.

CRITICAL - 2022-06-16 09:57:24 --> Unable to connect to the database.
Main connection [MySQLi]: No connection could be made because the target machine actively refused it.

in SYSTEMPATH\Database\BaseConnection.php on line 415.
 1 SYSTEMPATH\Database\BaseConnection.php(585): CodeIgniter\Database\BaseConnection->initialize()
 2 SYSTEMPATH\Database\BaseBuilder.php(1585): CodeIgniter\Database\BaseConnection->query('SELECT *
FROM `artikel`', [], false)
 3 SYSTEMPATH\Model.php(222): CodeIgniter\Database\BaseBuilder->get()
 4 SYSTEMPATH\BaseModel.php(584): CodeIgniter\Model->doFindAll(0, 0)
 5 APPPATH\Controllers\Artikel.php(14): CodeIgniter\BaseModel->findAll()
 6 SYSTEMPATH\CodeIgniter.php(898): App\Controllers\Artikel->index()
 7 SYSTEMPATH\CodeIgniter.php(468): CodeIgniter\CodeIgniter->runController(Object(App\Controllers\Artikel))
 8 SYSTEMPATH\CodeIgniter.php(351): CodeIgniter\CodeIgniter->handleRequest(null, Object(Config\Cache), false)
 9 FCPATH\index.php(55): CodeIgniter\CodeIgniter->run()
10 SYSTEMPATH\Commands\Server\rewrite.php(43): require_once('FCPATH\\index.php')
ERROR - 2022-06-16 10:03:18 --> Error connecting to the database: No connection could be made because the target machine actively refused it.

CRITICAL - 2022-06-16 10:03:18 --> Unable to connect to the database.
Main connection [MySQLi]: No connection could be made because the target machine actively refused it.

in SYSTEMPATH\Database\BaseConnection.php on line 415.
 1 SYSTEMPATH\Database\BaseConnection.php(585): CodeIgniter\Database\BaseConnection->initialize()
 2 SYSTEMPATH\Database\BaseBuilder.php(1585): CodeIgniter\Database\BaseConnection->query('SELECT *
FROM `artikel`', [], false)
 3 SYSTEMPATH\Model.php(222): CodeIgniter\Database\BaseBuilder->get()
 4 SYSTEMPATH\BaseModel.php(584): CodeIgniter\Model->doFindAll(0, 0)
 5 APPPATH\Controllers\Artikel.php(14): CodeIgniter\BaseModel->findAll()
 6 SYSTEMPATH\CodeIgniter.php(898): App\Controllers\Artikel->index()
 7 SYSTEMPATH\CodeIgniter.php(468): CodeIgniter\CodeIgniter->runController(Object(App\Controllers\Artikel))
 8 SYSTEMPATH\CodeIgniter.php(351): CodeIgniter\CodeIgniter->handleRequest(null, Object(Config\Cache), false)
 9 FCPATH\index.php(55): CodeIgniter\CodeIgniter->run()
10 SYSTEMPATH\Commands\Server\rewrite.php(43): require_once('FCPATH\\index.php')
ERROR - 2022-06-16 10:03:26 --> Error connecting to the database: No connection could be made because the target machine actively refused it.

CRITICAL - 2022-06-16 10:03:26 --> Unable to connect to the database.
Main connection [MySQLi]: No connection could be made because the target machine actively refused it.

in SYSTEMPATH\Database\BaseConnection.php on line 415.
 1 SYSTEMPATH\Database\BaseConnection.php(585): CodeIgniter\Database\BaseConnection->initialize()
 2 SYSTEMPATH\Database\BaseBuilder.php(1585): CodeIgniter\Database\BaseConnection->query('SELECT *
FROM `artikel`', [], false)
 3 SYSTEMPATH\Model.php(222): CodeIgniter\Database\BaseBuilder->get()
 4 SYSTEMPATH\BaseModel.php(584): CodeIgniter\Model->doFindAll(0, 0)
 5 APPPATH\Controllers\Artikel.php(14): CodeIgniter\BaseModel->findAll()
 6 SYSTEMPATH\CodeIgniter.php(898): App\Controllers\Artikel->index()
 7 SYSTEMPATH\CodeIgniter.php(468): CodeIgniter\CodeIgniter->runController(Object(App\Controllers\Artikel))
 8 SYSTEMPATH\CodeIgniter.php(351): CodeIgniter\CodeIgniter->handleRequest(null, Object(Config\Cache), false)
 9 FCPATH\index.php(55): CodeIgniter\CodeIgniter->run()
10 SYSTEMPATH\Commands\Server\rewrite.php(43): require_once('FCPATH\\index.php')
ERROR - 2022-06-16 10:03:39 --> Error connecting to the database: No connection could be made because the target machine actively refused it.

CRITICAL - 2022-06-16 10:03:39 --> Unable to connect to the database.
Main connection [MySQLi]: No connection could be made because the target machine actively refused it.

in SYSTEMPATH\Database\BaseConnection.php on line 415.
 1 SYSTEMPATH\Database\BaseConnection.php(585): CodeIgniter\Database\BaseConnection->initialize()
 2 SYSTEMPATH\Database\BaseBuilder.php(1585): CodeIgniter\Database\BaseConnection->query('SELECT *
FROM `artikel`', [], false)
 3 SYSTEMPATH\Model.php(222): CodeIgniter\Database\BaseBuilder->get()
 4 SYSTEMPATH\BaseModel.php(584): CodeIgniter\Model->doFindAll(0, 0)
 5 APPPATH\Controllers\Artikel.php(14): CodeIgniter\BaseModel->findAll()
 6 SYSTEMPATH\CodeIgniter.php(898): App\Controllers\Artikel->index()
 7 SYSTEMPATH\CodeIgniter.php(468): CodeIgniter\CodeIgniter->runController(Object(App\Controllers\Artikel))
 8 SYSTEMPATH\CodeIgniter.php(351): CodeIgniter\CodeIgniter->handleRequest(null, Object(Config\Cache), false)
 9 FCPATH\index.php(55): CodeIgniter\CodeIgniter->run()
10 SYSTEMPATH\Commands\Server\rewrite.php(43): require_once('FCPATH\\index.php')
ERROR - 2022-06-16 10:07:02 --> Error connecting to the database: No connection could be made because the target machine actively refused it.

CRITICAL - 2022-06-16 10:07:02 --> Unable to connect to the database.
Main connection [MySQLi]: No connection could be made because the target machine actively refused it.

in SYSTEMPATH\Database\BaseConnection.php on line 415.
 1 SYSTEMPATH\Database\BaseConnection.php(585): CodeIgniter\Database\BaseConnection->initialize()
 2 SYSTEMPATH\Database\BaseBuilder.php(1585): CodeIgniter\Database\BaseConnection->query('SELECT *
FROM `artikel`', [], false)
 3 SYSTEMPATH\Model.php(222): CodeIgniter\Database\BaseBuilder->get()
 4 SYSTEMPATH\BaseModel.php(584): CodeIgniter\Model->doFindAll(0, 0)
 5 APPPATH\Controllers\Artikel.php(14): CodeIgniter\BaseModel->findAll()
 6 SYSTEMPATH\CodeIgniter.php(898): App\Controllers\Artikel->index()
 7 SYSTEMPATH\CodeIgniter.php(468): CodeIgniter\CodeIgniter->runController(Object(App\Controllers\Artikel))
 8 SYSTEMPATH\CodeIgniter.php(351): CodeIgniter\CodeIgniter->handleRequest(null, Object(Config\Cache), false)
 9 FCPATH\index.php(55): CodeIgniter\CodeIgniter->run()
10 SYSTEMPATH\Commands\Server\rewrite.php(43): require_once('FCPATH\\index.php')
ERROR - 2022-06-16 10:11:08 --> Error connecting to the database: No connection could be made because the target machine actively refused it.

CRITICAL - 2022-06-16 10:11:08 --> Unable to connect to the database.
Main connection [MySQLi]: No connection could be made because the target machine actively refused it.

in SYSTEMPATH\Database\BaseConnection.php on line 415.
 1 SYSTEMPATH\Database\BaseConnection.php(585): CodeIgniter\Database\BaseConnection->initialize()
 2 SYSTEMPATH\Database\BaseBuilder.php(1585): CodeIgniter\Database\BaseConnection->query('SELECT *
FROM `Artikel`', [], false)
 3 SYSTEMPATH\Model.php(222): CodeIgniter\Database\BaseBuilder->get()
 4 SYSTEMPATH\BaseModel.php(584): CodeIgniter\Model->doFindAll(0, 0)
 5 APPPATH\Controllers\Artikel.php(14): CodeIgniter\BaseModel->findAll()
 6 SYSTEMPATH\CodeIgniter.php(898): App\Controllers\Artikel->index()
 7 SYSTEMPATH\CodeIgniter.php(468): CodeIgniter\CodeIgniter->runController(Object(App\Controllers\Artikel))
 8 SYSTEMPATH\CodeIgniter.php(351): CodeIgniter\CodeIgniter->handleRequest(null, Object(Config\Cache), false)
 9 FCPATH\index.php(55): CodeIgniter\CodeIgniter->run()
10 SYSTEMPATH\Commands\Server\rewrite.php(43): require_once('FCPATH\\index.php')
ERROR - 2022-06-16 10:15:49 --> Error connecting to the database: No connection could be made because the target machine actively refused it.

CRITICAL - 2022-06-16 10:15:49 --> Unable to connect to the database.
Main connection [MySQLi]: No connection could be made because the target machine actively refused it.

in SYSTEMPATH\Database\BaseConnection.php on line 415.
 1 SYSTEMPATH\Database\BaseConnection.php(585): CodeIgniter\Database\BaseConnection->initialize()
 2 SYSTEMPATH\Database\BaseBuilder.php(1585): CodeIgniter\Database\BaseConnection->query('SELECT *
FROM `Artikel`', [], false)
 3 SYSTEMPATH\Model.php(222): CodeIgniter\Database\BaseBuilder->get()
 4 SYSTEMPATH\BaseModel.php(584): CodeIgniter\Model->doFindAll(0, 0)
 5 APPPATH\Controllers\Artikel.php(14): CodeIgniter\BaseModel->findAll()
 6 SYSTEMPATH\CodeIgniter.php(898): App\Controllers\Artikel->index()
 7 SYSTEMPATH\CodeIgniter.php(468): CodeIgniter\CodeIgniter->runController(Object(App\Controllers\Artikel))
 8 SYSTEMPATH\CodeIgniter.php(351): CodeIgniter\CodeIgniter->handleRequest(null, Object(Config\Cache), false)
 9 FCPATH\index.php(55): CodeIgniter\CodeIgniter->run()
10 SYSTEMPATH\Commands\Server\rewrite.php(43): require_once('FCPATH\\index.php')
ERROR - 2022-06-16 10:17:12 --> Error connecting to the database: No connection could be made because the target machine actively refused it.

CRITICAL - 2022-06-16 10:17:12 --> Unable to connect to the database.
Main connection [MySQLi]: No connection could be made because the target machine actively refused it.

in SYSTEMPATH\Database\BaseConnection.php on line 415.
 1 SYSTEMPATH\Database\BaseConnection.php(585): CodeIgniter\Database\BaseConnection->initialize()
 2 SYSTEMPATH\Database\BaseBuilder.php(1585): CodeIgniter\Database\BaseConnection->query('SELECT *
FROM `Artikel`', [], false)
 3 SYSTEMPATH\Model.php(222): CodeIgniter\Database\BaseBuilder->get()
 4 SYSTEMPATH\BaseModel.php(584): CodeIgniter\Model->doFindAll(0, 0)
 5 APPPATH\Controllers\Artikel.php(14): CodeIgniter\BaseModel->findAll()
 6 SYSTEMPATH\CodeIgniter.php(898): App\Controllers\Artikel->index()
 7 SYSTEMPATH\CodeIgniter.php(468): CodeIgniter\CodeIgniter->runController(Object(App\Controllers\Artikel))
 8 SYSTEMPATH\CodeIgniter.php(351): CodeIgniter\CodeIgniter->handleRequest(null, Object(Config\Cache), false)
 9 FCPATH\index.php(55): CodeIgniter\CodeIgniter->run()
10 SYSTEMPATH\Commands\Server\rewrite.php(43): require_once('FCPATH\\index.php')
ERROR - 2022-06-16 10:17:21 --> Error connecting to the database: No connection could be made because the target machine actively refused it.

CRITICAL - 2022-06-16 10:17:21 --> Unable to connect to the database.
Main connection [MySQLi]: No connection could be made because the target machine actively refused it.

in SYSTEMPATH\Database\BaseConnection.php on line 415.
 1 SYSTEMPATH\Database\BaseConnection.php(585): CodeIgniter\Database\BaseConnection->initialize()
 2 SYSTEMPATH\Database\BaseBuilder.php(1585): CodeIgniter\Database\BaseConnection->query('SELECT *
FROM `Artikel`', [], false)
 3 SYSTEMPATH\Model.php(222): CodeIgniter\Database\BaseBuilder->get()
 4 SYSTEMPATH\BaseModel.php(584): CodeIgniter\Model->doFindAll(0, 0)
 5 APPPATH\Controllers\Artikel.php(14): CodeIgniter\BaseModel->findAll()
 6 SYSTEMPATH\CodeIgniter.php(898): App\Controllers\Artikel->index()
 7 SYSTEMPATH\CodeIgniter.php(468): CodeIgniter\CodeIgniter->runController(Object(App\Controllers\Artikel))
 8 SYSTEMPATH\CodeIgniter.php(351): CodeIgniter\CodeIgniter->handleRequest(null, Object(Config\Cache), false)
 9 FCPATH\index.php(55): CodeIgniter\CodeIgniter->run()
10 SYSTEMPATH\Commands\Server\rewrite.php(43): require_once('FCPATH\\index.php')
ERROR - 2022-06-16 10:17:33 --> Error connecting to the database: No connection could be made because the target machine actively refused it.

CRITICAL - 2022-06-16 10:17:33 --> Unable to connect to the database.
Main connection [MySQLi]: No connection could be made because the target machine actively refused it.

in SYSTEMPATH\Database\BaseConnection.php on line 415.
 1 SYSTEMPATH\Database\BaseConnection.php(585): CodeIgniter\Database\BaseConnection->initialize()
 2 SYSTEMPATH\Database\BaseBuilder.php(1585): CodeIgniter\Database\BaseConnection->query('SELECT *
FROM `Artikel`', [], false)
 3 SYSTEMPATH\Model.php(222): CodeIgniter\Database\BaseBuilder->get()
 4 SYSTEMPATH\BaseModel.php(584): CodeIgniter\Model->doFindAll(0, 0)
 5 APPPATH\Controllers\Artikel.php(14): CodeIgniter\BaseModel->findAll()
 6 SYSTEMPATH\CodeIgniter.php(898): App\Controllers\Artikel->index()
 7 SYSTEMPATH\CodeIgniter.php(468): CodeIgniter\CodeIgniter->runController(Object(App\Controllers\Artikel))
 8 SYSTEMPATH\CodeIgniter.php(351): CodeIgniter\CodeIgniter->handleRequest(null, Object(Config\Cache), false)
 9 FCPATH\index.php(55): CodeIgniter\CodeIgniter->run()
10 SYSTEMPATH\Commands\Server\rewrite.php(43): require_once('FCPATH\\index.php')
ERROR - 2022-06-16 10:17:50 --> Error connecting to the database: No connection could be made because the target machine actively refused it.

CRITICAL - 2022-06-16 10:17:50 --> Unable to connect to the database.
Main connection [MySQLi]: No connection could be made because the target machine actively refused it.

in SYSTEMPATH\Database\BaseConnection.php on line 415.
 1 SYSTEMPATH\Database\BaseConnection.php(585): CodeIgniter\Database\BaseConnection->initialize()
 2 SYSTEMPATH\Database\BaseBuilder.php(1585): CodeIgniter\Database\BaseConnection->query('SELECT *
FROM `Artikel`', [], false)
 3 SYSTEMPATH\Model.php(222): CodeIgniter\Database\BaseBuilder->get()
 4 SYSTEMPATH\BaseModel.php(584): CodeIgniter\Model->doFindAll(0, 0)
 5 APPPATH\Controllers\Artikel.php(14): CodeIgniter\BaseModel->findAll()
 6 SYSTEMPATH\CodeIgniter.php(898): App\Controllers\Artikel->index()
 7 SYSTEMPATH\CodeIgniter.php(468): CodeIgniter\CodeIgniter->runController(Object(App\Controllers\Artikel))
 8 SYSTEMPATH\CodeIgniter.php(351): CodeIgniter\CodeIgniter->handleRequest(null, Object(Config\Cache), false)
 9 FCPATH\index.php(55): CodeIgniter\CodeIgniter->run()
10 SYSTEMPATH\Commands\Server\rewrite.php(43): require_once('FCPATH\\index.php')
ERROR - 2022-06-16 10:18:38 --> Error connecting to the database: No connection could be made because the target machine actively refused it.

CRITICAL - 2022-06-16 10:18:38 --> Unable to connect to the database.
Main connection [MySQLi]: No connection could be made because the target machine actively refused it.

in SYSTEMPATH\Database\BaseConnection.php on line 415.
 1 SYSTEMPATH\Database\BaseConnection.php(585): CodeIgniter\Database\BaseConnection->initialize()
 2 SYSTEMPATH\Database\BaseBuilder.php(1585): CodeIgniter\Database\BaseConnection->query('SELECT *
FROM `Artikel`', [], false)
 3 SYSTEMPATH\Model.php(222): CodeIgniter\Database\BaseBuilder->get()
 4 SYSTEMPATH\BaseModel.php(584): CodeIgniter\Model->doFindAll(0, 0)
 5 APPPATH\Controllers\Artikel.php(14): CodeIgniter\BaseModel->findAll()
 6 SYSTEMPATH\CodeIgniter.php(898): App\Controllers\Artikel->index()
 7 SYSTEMPATH\CodeIgniter.php(468): CodeIgniter\CodeIgniter->runController(Object(App\Controllers\Artikel))
 8 SYSTEMPATH\CodeIgniter.php(351): CodeIgniter\CodeIgniter->handleRequest(null, Object(Config\Cache), false)
 9 FCPATH\index.php(55): CodeIgniter\CodeIgniter->run()
10 SYSTEMPATH\Commands\Server\rewrite.php(43): require_once('FCPATH\\index.php')
ERROR - 2022-06-16 10:18:57 --> Error connecting to the database: No connection could be made because the target machine actively refused it.

CRITICAL - 2022-06-16 10:18:57 --> Unable to connect to the database.
Main connection [MySQLi]: No connection could be made because the target machine actively refused it.

in SYSTEMPATH\Database\BaseConnection.php on line 415.
 1 SYSTEMPATH\Database\BaseConnection.php(585): CodeIgniter\Database\BaseConnection->initialize()
 2 SYSTEMPATH\Database\BaseBuilder.php(1585): CodeIgniter\Database\BaseConnection->query('SELECT *
FROM `Artikel`', [], false)
 3 SYSTEMPATH\Model.php(222): CodeIgniter\Database\BaseBuilder->get()
 4 SYSTEMPATH\BaseModel.php(584): CodeIgniter\Model->doFindAll(0, 0)
 5 APPPATH\Controllers\Artikel.php(14): CodeIgniter\BaseModel->findAll()
 6 SYSTEMPATH\CodeIgniter.php(898): App\Controllers\Artikel->index()
 7 SYSTEMPATH\CodeIgniter.php(468): CodeIgniter\CodeIgniter->runController(Object(App\Controllers\Artikel))
 8 SYSTEMPATH\CodeIgniter.php(351): CodeIgniter\CodeIgniter->handleRequest(null, Object(Config\Cache), false)
 9 FCPATH\index.php(55): CodeIgniter\CodeIgniter->run()
10 SYSTEMPATH\Commands\Server\rewrite.php(43): require_once('FCPATH\\index.php')
ERROR - 2022-06-16 10:19:51 --> Error connecting to the database: No connection could be made because the target machine actively refused it.

CRITICAL - 2022-06-16 10:19:51 --> Unable to connect to the database.
Main connection [MySQLi]: No connection could be made because the target machine actively refused it.

in SYSTEMPATH\Database\BaseConnection.php on line 415.
 1 SYSTEMPATH\Database\BaseConnection.php(585): CodeIgniter\Database\BaseConnection->initialize()
 2 SYSTEMPATH\Database\BaseBuilder.php(1585): CodeIgniter\Database\BaseConnection->query('SELECT *
FROM `Artikel`', [], false)
 3 SYSTEMPATH\Model.php(222): CodeIgniter\Database\BaseBuilder->get()
 4 SYSTEMPATH\BaseModel.php(584): CodeIgniter\Model->doFindAll(0, 0)
 5 APPPATH\Controllers\Artikel.php(14): CodeIgniter\BaseModel->findAll()
 6 SYSTEMPATH\CodeIgniter.php(898): App\Controllers\Artikel->index()
 7 SYSTEMPATH\CodeIgniter.php(468): CodeIgniter\CodeIgniter->runController(Object(App\Controllers\Artikel))
 8 SYSTEMPATH\CodeIgniter.php(351): CodeIgniter\CodeIgniter->handleRequest(null, Object(Config\Cache), false)
 9 FCPATH\index.php(55): CodeIgniter\CodeIgniter->run()
10 SYSTEMPATH\Commands\Server\rewrite.php(43): require_once('FCPATH\\index.php')
ERROR - 2022-06-16 10:20:03 --> Error connecting to the database: No connection could be made because the target machine actively refused it.

CRITICAL - 2022-06-16 10:20:03 --> Unable to connect to the database.
Main connection [MySQLi]: No connection could be made because the target machine actively refused it.

in SYSTEMPATH\Database\BaseConnection.php on line 415.
 1 SYSTEMPATH\Database\BaseConnection.php(585): CodeIgniter\Database\BaseConnection->initialize()
 2 SYSTEMPATH\Database\BaseBuilder.php(1585): CodeIgniter\Database\BaseConnection->query('SELECT *
FROM `Artikel`', [], false)
 3 SYSTEMPATH\Model.php(222): CodeIgniter\Database\BaseBuilder->get()
 4 SYSTEMPATH\BaseModel.php(584): CodeIgniter\Model->doFindAll(0, 0)
 5 APPPATH\Controllers\Artikel.php(14): CodeIgniter\BaseModel->findAll()
 6 SYSTEMPATH\CodeIgniter.php(898): App\Controllers\Artikel->index()
 7 SYSTEMPATH\CodeIgniter.php(468): CodeIgniter\CodeIgniter->runController(Object(App\Controllers\Artikel))
 8 SYSTEMPATH\CodeIgniter.php(351): CodeIgniter\CodeIgniter->handleRequest(null, Object(Config\Cache), false)
 9 FCPATH\index.php(55): CodeIgniter\CodeIgniter->run()
10 SYSTEMPATH\Commands\Server\rewrite.php(43): require_once('FCPATH\\index.php')
ERROR - 2022-06-16 10:21:38 --> Error connecting to the database: No connection could be made because the target machine actively refused it.

CRITICAL - 2022-06-16 10:21:38 --> Unable to connect to the database.
Main connection [MySQLi]: No connection could be made because the target machine actively refused it.

in SYSTEMPATH\Database\BaseConnection.php on line 415.
 1 SYSTEMPATH\Database\BaseConnection.php(585): CodeIgniter\Database\BaseConnection->initialize()
 2 SYSTEMPATH\Database\BaseBuilder.php(1585): CodeIgniter\Database\BaseConnection->query('SELECT *
FROM `Artikel`', [], false)
 3 SYSTEMPATH\Model.php(222): CodeIgniter\Database\BaseBuilder->get()
 4 SYSTEMPATH\BaseModel.php(584): CodeIgniter\Model->doFindAll(0, 0)
 5 APPPATH\Controllers\Artikel.php(14): CodeIgniter\BaseModel->findAll()
 6 SYSTEMPATH\CodeIgniter.php(898): App\Controllers\Artikel->index()
 7 SYSTEMPATH\CodeIgniter.php(468): CodeIgniter\CodeIgniter->runController(Object(App\Controllers\Artikel))
 8 SYSTEMPATH\CodeIgniter.php(351): CodeIgniter\CodeIgniter->handleRequest(null, Object(Config\Cache), false)
 9 FCPATH\index.php(55): CodeIgniter\CodeIgniter->run()
10 SYSTEMPATH\Commands\Server\rewrite.php(43): require_once('FCPATH\\index.php')
ERROR - 2022-06-16 10:39:54 --> Error connecting to the database: No connection could be made because the target machine actively refused it.

CRITICAL - 2022-06-16 10:39:54 --> Unable to connect to the database.
Main connection [MySQLi]: No connection could be made because the target machine actively refused it.

in SYSTEMPATH\Database\BaseConnection.php on line 415.
 1 SYSTEMPATH\Database\BaseConnection.php(585): CodeIgniter\Database\BaseConnection->initialize()
 2 SYSTEMPATH\Database\BaseBuilder.php(1585): CodeIgniter\Database\BaseConnection->query('SELECT *
FROM `Artikel`', [], false)
 3 SYSTEMPATH\Model.php(222): CodeIgniter\Database\BaseBuilder->get()
 4 SYSTEMPATH\BaseModel.php(584): CodeIgniter\Model->doFindAll(0, 0)
 5 APPPATH\Controllers\Artikel.php(14): CodeIgniter\BaseModel->findAll()
 6 SYSTEMPATH\CodeIgniter.php(898): App\Controllers\Artikel->index()
 7 SYSTEMPATH\CodeIgniter.php(468): CodeIgniter\CodeIgniter->runController(Object(App\Controllers\Artikel))
 8 SYSTEMPATH\CodeIgniter.php(351): CodeIgniter\CodeIgniter->handleRequest(null, Object(Config\Cache), false)
 9 FCPATH\index.php(55): CodeIgniter\CodeIgniter->run()
10 SYSTEMPATH\Commands\Server\rewrite.php(43): require_once('FCPATH\\index.php')
